{
  "stats": {
    "suites": 2,
    "tests": 3,
    "passes": 3,
    "pending": 0,
    "failures": 0,
    "start": "2019-04-04T18:55:21.397Z",
    "end": "2019-04-04T18:55:23.783Z",
    "duration": 2386,
    "testsRegistered": 3,
    "passPercent": 100,
    "pendingPercent": 0,
    "other": 0,
    "hasOther": false,
    "skipped": 0,
    "hasSkipped": false,
    "passPercentClass": "success",
    "pendingPercentClass": "danger"
  },
  "suites": {
    "uuid": "a4c09cc2-6513-4b4c-8201-67e94b8f2b33",
    "title": "",
    "fullFile": "",
    "file": "",
    "beforeHooks": [],
    "afterHooks": [],
    "tests": [],
    "suites": [
      {
        "uuid": "a182a8e3-df52-4fd6-a5f6-f0fb209afb50",
        "title": "GET /posts",
        "fullFile": "/Users/maximiliano/Documents/Projetos/pessoal/joi-contract-test/test/contracts/posts/posts.js",
        "file": "/test/contracts/posts/posts.js",
        "beforeHooks": [],
        "afterHooks": [],
        "tests": [
          {
            "title": "Deve retornar uma lista de posts",
            "fullTitle": "GET /posts Deve retornar uma lista de posts",
            "timedOut": false,
            "duration": 876,
            "state": "passed",
            "speed": "fast",
            "pass": true,
            "fail": false,
            "pending": false,
            "code": "var postsList = Joi.array().items(Joi.object().keys({\n  userId: Joi.number(),\n  id: Joi.number(),\n  title: Joi.string(),\n  body: Joi.string()\n}));\nrequest.get(\"/posts\").expect('Content-Type', /json/).expect(200).end(function (err, res) {\n  joiAssert(res.body, postsList);\n  done(err);\n});",
            "err": {},
            "isRoot": false,
            "uuid": "482c4130-49a7-4d36-971d-7dab6ffc585b",
            "isHook": false,
            "skipped": false
          },
          {
            "title": "Deve retornar um posts único",
            "fullTitle": "GET /posts Deve retornar um posts único",
            "timedOut": false,
            "duration": 704,
            "state": "passed",
            "speed": "fast",
            "pass": true,
            "fail": false,
            "pending": false,
            "code": "var postsList = Joi.object().keys({\n  userId: Joi.number(),\n  id: Joi.number(),\n  title: Joi.string(),\n  body: Joi.string()\n});\nrequest.get(\"/posts/1\").expect('Content-Type', /json/).expect(200).end(function (err, res) {\n  joiAssert(res.body, postsList);\n  done(err);\n});",
            "err": {},
            "isRoot": false,
            "uuid": "cb07cd6d-20a0-4736-b8b5-691ea0fce6dd",
            "isHook": false,
            "skipped": false
          }
        ],
        "suites": [],
        "passes": [
          "482c4130-49a7-4d36-971d-7dab6ffc585b",
          "cb07cd6d-20a0-4736-b8b5-691ea0fce6dd"
        ],
        "failures": [],
        "pending": [],
        "skipped": [],
        "duration": 1580,
        "root": false,
        "rootEmpty": false,
        "_timeout": 20000
      },
      {
        "uuid": "eb3ba56d-4921-43a3-95b7-0cce84dd7c74",
        "title": "GET /users",
        "fullFile": "/Users/maximiliano/Documents/Projetos/pessoal/joi-contract-test/test/contracts/users/users.js",
        "file": "/test/contracts/users/users.js",
        "beforeHooks": [],
        "afterHooks": [],
        "tests": [
          {
            "title": "Deve retornar uma lista de usuários",
            "fullTitle": "GET /users Deve retornar uma lista de usuários",
            "timedOut": false,
            "duration": 782,
            "state": "passed",
            "speed": "fast",
            "pass": true,
            "fail": false,
            "pending": false,
            "code": "var userList = Joi.array().items(Joi.object().keys({\n  id: Joi.number(),\n  name: Joi.string(),\n  username: Joi.string(),\n  email: Joi.string(),\n  address: Joi.object().keys({\n    street: Joi.string(),\n    suite: Joi.string(),\n    city: Joi.string(),\n    zipcode: Joi.string(),\n    geo: Joi.object().keys({\n      lat: Joi.string(),\n      lng: Joi.string()\n    })\n  }),\n  phone: Joi.string(),\n  website: Joi.string(),\n  company: Joi.object().keys({\n    name: Joi.string(),\n    catchPhrase: Joi.string(),\n    bs: Joi.string()\n  })\n}));\nrequest.get(\"/users\").expect('Content-Type', /json/).expect(200).end(function (err, res) {\n  joiAssert(res.body, userList);\n  done(err);\n});",
            "err": {},
            "isRoot": false,
            "uuid": "944132d8-b613-474b-a612-8a0fdbcf7879",
            "isHook": false,
            "skipped": false
          }
        ],
        "suites": [],
        "passes": [
          "944132d8-b613-474b-a612-8a0fdbcf7879"
        ],
        "failures": [],
        "pending": [],
        "skipped": [],
        "duration": 782,
        "root": false,
        "rootEmpty": false,
        "_timeout": 20000
      }
    ],
    "passes": [],
    "failures": [],
    "pending": [],
    "skipped": [],
    "duration": 0,
    "root": true,
    "rootEmpty": true,
    "_timeout": 20000
  },
  "copyrightYear": 2019
}