{
  "stats": {
    "suites": 2,
    "tests": 3,
    "passes": 3,
    "pending": 0,
    "failures": 0,
    "start": "2019-11-29T19:00:34.710Z",
    "end": "2019-11-29T19:00:36.163Z",
    "duration": 1453,
    "testsRegistered": 3,
    "passPercent": 100,
    "pendingPercent": 0,
    "other": 0,
    "hasOther": false,
    "skipped": 0,
    "hasSkipped": false,
    "passPercentClass": "success",
    "pendingPercentClass": "danger"
  },
  "suites": {
    "uuid": "8dcb6d0d-6ad9-4327-9c0e-72e5e4ef935a",
    "title": "",
    "fullFile": "",
    "file": "",
    "beforeHooks": [],
    "afterHooks": [],
    "tests": [],
    "suites": [
      {
        "uuid": "90fb22b4-0565-4cb0-84d8-4ec7e6099776",
        "title": "GET /posts",
        "fullFile": "/Users/Maximiliano/Documents/projetos/pessoal/joi-contract-test/test/contracts/posts/posts.js",
        "file": "/test/contracts/posts/posts.js",
        "beforeHooks": [],
        "afterHooks": [],
        "tests": [
          {
            "title": "Deve retornar uma lista de posts",
            "fullTitle": "GET /posts Deve retornar uma lista de posts",
            "timedOut": false,
            "duration": 541,
            "state": "passed",
            "speed": "fast",
            "pass": true,
            "fail": false,
            "pending": false,
            "code": "var postsList = Joi.array().items(Joi.object().keys({\n  userId: Joi.number(),\n  id: Joi.number(),\n  title: Joi.string(),\n  body: Joi.string()\n}));\nrequest.get(\"/posts\").expect('Content-Type', /json/).expect(200).end(function (err, res) {\n  joiAssert(res.body, postsList);\n  done(err);\n});",
            "err": {},
            "isRoot": false,
            "uuid": "459e7716-2d0a-4046-bf93-d04560052607",
            "isHook": false,
            "skipped": false
          },
          {
            "title": "Deve retornar um posts único",
            "fullTitle": "GET /posts Deve retornar um posts único",
            "timedOut": false,
            "duration": 450,
            "state": "passed",
            "speed": "fast",
            "pass": true,
            "fail": false,
            "pending": false,
            "code": "var postsList = Joi.object().keys({\n  userId: Joi.number(),\n  id: Joi.number(),\n  title: Joi.string(),\n  body: Joi.string()\n});\nrequest.get(\"/posts/1\").expect('Content-Type', /json/).expect(200).end(function (err, res) {\n  joiAssert(res.body, postsList);\n  done(err);\n});",
            "err": {},
            "isRoot": false,
            "uuid": "35498a83-97d7-408b-ad18-58c0930e37ac",
            "isHook": false,
            "skipped": false
          }
        ],
        "suites": [],
        "passes": [
          "459e7716-2d0a-4046-bf93-d04560052607",
          "35498a83-97d7-408b-ad18-58c0930e37ac"
        ],
        "failures": [],
        "pending": [],
        "skipped": [],
        "duration": 991,
        "root": false,
        "rootEmpty": false,
        "_timeout": 20000
      },
      {
        "uuid": "863abfc5-2750-42b2-9276-aa18cc51709b",
        "title": "GET /users",
        "fullFile": "/Users/Maximiliano/Documents/projetos/pessoal/joi-contract-test/test/contracts/users/users.js",
        "file": "/test/contracts/users/users.js",
        "beforeHooks": [],
        "afterHooks": [],
        "tests": [
          {
            "title": "Deve retornar uma lista de usuários",
            "fullTitle": "GET /users Deve retornar uma lista de usuários",
            "timedOut": false,
            "duration": 453,
            "state": "passed",
            "speed": "fast",
            "pass": true,
            "fail": false,
            "pending": false,
            "code": "var userList = Joi.array().items(Joi.object().keys({\n  id: Joi.number(),\n  name: Joi.string(),\n  username: Joi.string(),\n  email: Joi.string(),\n  address: Joi.object().keys({\n    street: Joi.string(),\n    suite: Joi.string(),\n    city: Joi.string(),\n    zipcode: Joi.string(),\n    geo: Joi.object().keys({\n      lat: Joi.string(),\n      lng: Joi.string()\n    })\n  }),\n  phone: Joi.string(),\n  website: Joi.string(),\n  company: Joi.object().keys({\n    name: Joi.string(),\n    catchPhrase: Joi.string(),\n    bs: Joi.string()\n  })\n}));\nrequest.get(\"/users\").expect('Content-Type', /json/).expect(200).end(function (err, res) {\n  joiAssert(res.body, userList);\n  done(err);\n});",
            "err": {},
            "isRoot": false,
            "uuid": "2db28367-a4f8-4c3b-99fd-e4076cf9c0fb",
            "isHook": false,
            "skipped": false
          }
        ],
        "suites": [],
        "passes": [
          "2db28367-a4f8-4c3b-99fd-e4076cf9c0fb"
        ],
        "failures": [],
        "pending": [],
        "skipped": [],
        "duration": 453,
        "root": false,
        "rootEmpty": false,
        "_timeout": 20000
      }
    ],
    "passes": [],
    "failures": [],
    "pending": [],
    "skipped": [],
    "duration": 0,
    "root": true,
    "rootEmpty": true,
    "_timeout": 20000
  },
  "copyrightYear": 2019
}