{
  "stats": {
    "suites": 2,
    "tests": 3,
    "passes": 3,
    "pending": 0,
    "failures": 0,
    "start": "2022-04-07T18:07:27.055Z",
    "end": "2022-04-07T18:07:27.357Z",
    "duration": 302,
    "testsRegistered": 3,
    "passPercent": 100,
    "pendingPercent": 0,
    "other": 0,
    "hasOther": false,
    "skipped": 0,
    "hasSkipped": false,
    "passPercentClass": "success",
    "pendingPercentClass": "danger"
  },
  "suites": {
    "uuid": "7c01c17a-56fb-419e-914f-acb61fd4f615",
    "title": "",
    "fullFile": "",
    "file": "",
    "beforeHooks": [],
    "afterHooks": [],
    "tests": [],
    "suites": [
      {
        "uuid": "8a4b5ef1-2db0-4cf8-be3f-24d8f649f210",
        "title": "GET /posts",
        "fullFile": "/Users/maximilianoalves/Documents/projetos/pessoal/joi-schema-test/test/schemas/posts/posts.js",
        "file": "/test/schemas/posts/posts.js",
        "beforeHooks": [],
        "afterHooks": [],
        "tests": [
          {
            "title": "Deve validar o schema de uma lista de posts",
            "fullTitle": "GET /posts Deve validar o schema de uma lista de posts",
            "timedOut": false,
            "duration": 110,
            "state": "passed",
            "speed": "fast",
            "pass": true,
            "fail": false,
            "pending": false,
            "code": "var postsList = Joi.array().items(Joi.object().keys({\n  userId: Joi.number(),\n  id: Joi.number(),\n  title: Joi.string(),\n  body: Joi.string()\n}));\nrequest.get(\"/posts\").expect('Content-Type', /json/).expect(200).end(function (err, res) {\n  joiAssert(res.body, postsList);\n  done(err);\n});",
            "err": {},
            "isRoot": false,
            "uuid": "6a6891c2-12cb-4dd1-820a-393ec7b31bf3",
            "isHook": false,
            "skipped": false
          },
          {
            "title": "Deve validar o schema de um posts único",
            "fullTitle": "GET /posts Deve validar o schema de um posts único",
            "timedOut": false,
            "duration": 85,
            "state": "passed",
            "speed": "fast",
            "pass": true,
            "fail": false,
            "pending": false,
            "code": "var postsList = Joi.object().keys({\n  userId: Joi.number(),\n  id: Joi.number(),\n  title: Joi.string(),\n  body: Joi.string()\n});\nrequest.get(\"/posts/1\").expect('Content-Type', /json/).expect(200).end(function (err, res) {\n  joiAssert(res.body, postsList);\n  done(err);\n});",
            "err": {},
            "isRoot": false,
            "uuid": "7e29b1e0-6a85-47f9-96e0-7124ad65a4ec",
            "isHook": false,
            "skipped": false
          }
        ],
        "suites": [],
        "passes": [
          "6a6891c2-12cb-4dd1-820a-393ec7b31bf3",
          "7e29b1e0-6a85-47f9-96e0-7124ad65a4ec"
        ],
        "failures": [],
        "pending": [],
        "skipped": [],
        "duration": 195,
        "root": false,
        "rootEmpty": false,
        "_timeout": 20000
      },
      {
        "uuid": "8d65ef82-b0f7-42c0-9fbe-802a6e69f453",
        "title": "GET /users",
        "fullFile": "/Users/maximilianoalves/Documents/projetos/pessoal/joi-schema-test/test/schemas/users/users.js",
        "file": "/test/schemas/users/users.js",
        "beforeHooks": [],
        "afterHooks": [],
        "tests": [
          {
            "title": "Deve validar o schema de uma lista de usuários",
            "fullTitle": "GET /users Deve validar o schema de uma lista de usuários",
            "timedOut": false,
            "duration": 100,
            "state": "passed",
            "speed": "fast",
            "pass": true,
            "fail": false,
            "pending": false,
            "code": "var userList = Joi.array().items(Joi.object().keys({\n  id: Joi.number(),\n  name: Joi.string(),\n  username: Joi.string(),\n  email: Joi.string(),\n  address: Joi.object().keys({\n    street: Joi.string(),\n    suite: Joi.string(),\n    city: Joi.string(),\n    zipcode: Joi.string(),\n    geo: Joi.object().keys({\n      lat: Joi.string(),\n      lng: Joi.string()\n    })\n  }),\n  phone: Joi.string(),\n  website: Joi.string(),\n  company: Joi.object().keys({\n    name: Joi.string(),\n    catchPhrase: Joi.string(),\n    bs: Joi.string()\n  })\n}));\nrequest.get(\"/users\").expect('Content-Type', /json/).expect(200).end(function (err, res) {\n  joiAssert(res.body, userList);\n  done(err);\n});",
            "err": {},
            "isRoot": false,
            "uuid": "c211697b-8560-408d-b991-c27d80fa0b12",
            "isHook": false,
            "skipped": false
          }
        ],
        "suites": [],
        "passes": [
          "c211697b-8560-408d-b991-c27d80fa0b12"
        ],
        "failures": [],
        "pending": [],
        "skipped": [],
        "duration": 100,
        "root": false,
        "rootEmpty": false,
        "_timeout": 20000
      }
    ],
    "passes": [],
    "failures": [],
    "pending": [],
    "skipped": [],
    "duration": 0,
    "root": true,
    "rootEmpty": true,
    "_timeout": 20000
  },
  "copyrightYear": 2022
}